********************************************************************************
DUPLICATOR-LITE PACKAGE-LOG: January 21, 2023 10:41 am
NOTICE: Do NOT post to public sites or forums 
********************************************************************************
VERSION:	1.5.1
WORDPRESS:	6.1.1
PHP INFO:	7.4.27 | SAPI: apache2handler
SERVER:		Apache 
PHP TIME LIMIT: (0) no time limit imposed 
PHP MAX MEMORY: 4294967296 (2000M default) 
MEMORY STACK: 2MB

********************************************************************************
DATABASE:
********************************************************************************
BUILD MODE:   MYSQLDUMP
MYSQLTIMEOUT: 5000
MYSQLDUMP:    Is Supported
SQL CREATED: 20230121_yappie_22345b607134a8658155_20230121104112_database.sql
SQL FILE SIZE: 835.46KB (855506)
SQL FILE TIME: 2023-01-21 10:41:19
SQL RUNTIME: 2.17 sec.

********************************************************************************
ARCHIVE (ZIP):
********************************************************************************
ARCHIVE DIR:  D:/OPENSEVER/OpenServer/domains/yappie.loc
ARCHIVE FILE: 20230121_yappie_22345b607134a8658155_20230121104112_archive.zip
FILTERS: *OFF*
DIRS:
	not set
FILES:
	not set
EXTS:  not set
----------------------------------------
COMPRESSING
SIZE:	70.45MB
STATS:	Dirs 526 | Files 3,750
SQL ADDED: 20230121_yappie_22345b607134a8658155_20230121104112_database.sql
ZipArchive Object
(
    [status] => 0
    [statusSys] => 0
    [numFiles] => 4276
    [filename] => D:\OPENSEVER\OpenServer\domains\yappie.loc\wp-content\backups-dup-lite\tmp\20230121_yappie_22345b607134a8658155_20230121104112_archive.zip
    [comment] => 
)

FILE ADDED TO ZIP: 4275
COMPRESSION RESULT: '1'
COMPRESSED SIZE: 26.82MB
ARCHIVE RUNTIME: 7.99 sec.
MEMORY STACK: 4MB
building installer
ARCHIVE CONSISTENCY TEST: PASS

********************************************************************************
INTEGRITY CHECKS:
********************************************************************************
SQL FILE: 835.46KB
INSTALLER FILE: 73.34KB
ARCHIVE FILE: 28.63MB 
EXPECTED FILE/DIRECTORY COUNT: 4,276
ACTUAL FILE/DIRECTORY COUNT: 4,275
ARCHIVE CONSISTENCY TEST: Pass

********************************************************************************
RECORD ID:[1]
TOTAL PROCESS RUNTIME: 11.47 sec.
PEAK PHP MEMORY USED: 4MB
DONE PROCESSING => 20230121_yappie January 21, 2023 10:41 am

